[www.aurganon.com/index.html]
[pagead2.googlesyndication.com/pagead/js/f.txt]
[backblue.gif]
[fade.gif]
[index.html]
[www.aurganon.com/js/jquery.easing.min.js]
[www.aurganon.com/js/scrolling-nav.js]
[www.aurganon.com/js/bootstrap.min.js]
[www.aurganon.com/js/modernizr.js]
[www.aurganon.com/js/particles.js]
[www.aurganon.com/js/particles.min.js]
[www.aurganon.com/js/materialize.js]
[www.aurganon.com/images/logo.ico]
[www.aurganon.com/index-2.html]
[www.aurganon.com/images/Untitled 2.png]
[www.aurganon.com/indexac3b.html]
[www.aurganon.com/index42b9.html]
[www.aurganon.com/team.html]
[www.aurganon.com/login.html]
[www.aurganon.com/signup.html]
[www.aurganon.com/images/aur.jpg]
[www.aurganon.com/images/bg.jpg]
[www.aurganon.com/images/logoun.png]
[code.jquery.com/jquery-1.11.0.min.js]
[www.aurganon.com/images/bat.jpg]
[www.aurganon.com/index80e9.html]
[www.aurganon.com/index628c.html]
[www.aurganon.com/abouteventcc8b.html]
[www.aurganon.com/logine14f.html]
[aurganon.com/images/events/talk.jpg]
[www.aurganon.com/abouteventdcc3.html]
[www.aurganon.com/login3bd5.html]
[www.aurganon.com/aboutevent8c37.html]
[www.aurganon.com/loginb516.html]
[www.aurganon.com/aboutevent6da4.html]
[www.aurganon.com/login42af.html]
[www.aurganon.com/aboutevente837.html]
[www.aurganon.com/loginff4c.html]
[www.aurganon.com/aboutevent431b.html]
[www.aurganon.com/loginb7cb.html]
[www.aurganon.com/aboutevent49c6.html]
[www.aurganon.com/loginde1c.html]
[aurganon.com/images/events/SuperOver.jpg]
[www.aurganon.com/aboutevent7df2.html]
[www.aurganon.com/login86d8.html]
[aurganon.com/images/events/quidich.jpg]
[www.aurganon.com/abouteventd040.html]
[www.aurganon.com/login3b87.html]
[aurganon.com/images/events/triv.jpg]
[www.aurganon.com/aboutevent1daf.html]
[www.aurganon.com/login7e92.html]
[aurganon.com/images/hogwart.jpg]
[www.aurganon.com/aboutevent5a0d.html]
[www.aurganon.com/login4c9b.html]
[www.aurganon.com/abouteventa542.html]
[www.aurganon.com/js/classie.js]
[www.aurganon.com/loginaf6a.html]
[www.aurganon.com/js/jquery-2.1.3.min.js]
[www.aurganon.com/js/plugins.js]
[code.jquery.com/jquery-3.1.0.min.js]
[www.aurganon.com/js/main.js]
[www.aurganon.com/index.html]
[www.aurganon.com/css/bootstrap.min.css]
[www.aurganon.com/css/base.css]
[www.aurganon.com/css/main.css]
[www.aurganon.com/css/vendor.css]
[www.aurganon.com/index-2.html]
[www.aurganon.com/images/super.jpg]
[www.aurganon.com/indexac3b.html]
[www.aurganon.com/index42b9.html]
[www.aurganon.com/images/team/1.jpg]
[www.aurganon.com/images/team/25.png]
[www.aurganon.com/images/team/3.jpg]
[www.aurganon.com/images/team/4.jpg]
[www.aurganon.com/images/team/5.jpg]
[www.aurganon.com/images/team/8.jpg]
[www.aurganon.com/images/team/9.jpg]
[www.aurganon.com/images/team/10.jpg]
[www.aurganon.com/images/team/14.png]
[www.aurganon.com/images/team/17.png]
[www.aurganon.com/images/team/18.png]
[www.aurganon.com/images/team/19.png]
[www.aurganon.com/images/team/19.jpg]
[www.aurganon.com/images/team/24.png]
[www.aurganon.com/images/team/index.html]
[www.aurganon.com/team.html]
[www.aurganon.com/images/flashvbat.jpg]
[www.aurganon.com/login.html]
[www.aurganon.com/signup.html]
[www.aurganon.com/index80e9.html]
[aurganon.com/images/unnamed.jpg]
[www.aurganon.com/abouteventb5e3.html]
[www.aurganon.com/loginecaa.html]
[www.aurganon.com/abouteventddc7.html]
[www.aurganon.com/index628c.html]
[scontent.fmaa1-2.fna.fbcdn.net/v/t1.0-9/21751355_1922643114662759_7579393136404103101_nfe6c.jpg]
[www.aurganon.com/abouteventcc8b.html]
[www.aurganon.com/logine14f.html]
[www.aurganon.com/abouteventdcc3.html]
[www.aurganon.com/login3bd5.html]
[scontent.fmaa1-2.fna.fbcdn.net/v/t1.0-9/21731290_1922062448054159_8985130282348085181_n3d47.jpg]
[www.aurganon.com/aboutevent8c37.html]
[www.aurganon.com/loginb516.html]
[scontent.fmaa1-2.fna.fbcdn.net/v/t1.0-9/21740687_1922294254697645_2209040600706158448_nd149.jpg]
[www.aurganon.com/aboutevent6da4.html]
[www.aurganon.com/login42af.html]
[scontent.fmaa1-2.fna.fbcdn.net/v/t1.0-0/q81/s480x480/21463095_1922567608003643_1712275388504331400_nadf9.jpg]
[www.aurganon.com/aboutevente837.html]
[www.aurganon.com/loginff4c.html]
[scontent.fmaa1-2.fna.fbcdn.net/v/t1.0-9/21743017_1927019017623417_7787624773337501007_n9317.jpg]
[www.aurganon.com/aboutevent431b.html]
[www.aurganon.com/loginb7cb.html]
[scontent.fmaa1-2.fna.fbcdn.net/v/t1.0-9/21743382_1921576538102750_8853606438349677822_n1c22.jpg]
[www.aurganon.com/aboutevent49c6.html]
[www.aurganon.com/loginde1c.html]
[www.aurganon.com/aboutevent7df2.html]
[www.aurganon.com/login86d8.html]
[www.aurganon.com/abouteventd040.html]
[www.aurganon.com/login3b87.html]
[www.aurganon.com/aboutevent1daf.html]
[www.aurganon.com/login7e92.html]
[www.aurganon.com/aboutevent5a0d.html]
[www.aurganon.com/login4c9b.html]
[scontent.fmaa1-2.fna.fbcdn.net/v/t1.0-9/21751464_1921457921447945_1095870376194779796_n5151.jpg]
[www.aurganon.com/abouteventa542.html]
[www.aurganon.com/loginaf6a.html]
[www.aurganon.com/fonts/glyphicons-halflings-regular.html]
[www.aurganon.com/fonts/glyphicons-halflings-regulard41d.html]
[www.aurganon.com/fonts/glyphicons-halflings-regular-2.html]
[www.aurganon.com/fonts/glyphicons-halflings-regular-3.html]
[www.aurganon.com/fonts/glyphicons-halflings-regular-4.html]
[www.aurganon.com/fonts/glyphicons-halflings-regular-5.html]
[www.aurganon.com/loginf7fd.html]
[www.aurganon.com/fonts/roboto/roboto-black-webfont.woff]
[www.aurganon.com/fonts/Bangers.ttf]
[www.aurganon.com/fonts/aveng.ttf]
[www.aurganon.com/fonts/roboto/roboto-blackitalic-webfont.woff]
[www.aurganon.com/fonts/roboto/roboto-bold-webfont.woff]
[www.aurganon.com/fonts/roboto/roboto-bolditalic-webfont.woff]
[www.aurganon.com/fonts/roboto/roboto-italic-webfont.woff]
[www.aurganon.com/fonts/roboto/roboto-light-webfont.woff]
[www.aurganon.com/fonts/roboto/roboto-lightitalic-webfont.woff]
[www.aurganon.com/fonts/roboto/roboto-medium-webfont.woff]
[www.aurganon.com/fonts/roboto/roboto-mediumitalic-webfont.woff]
[www.aurganon.com/fonts/roboto/roboto-regular-webfont.woff]
[www.aurganon.com/fonts/roboto/roboto-thin-webfont.woff]
[www.aurganon.com/fonts/roboto/roboto-thinitalic-webfont.woff]
[www.aurganon.com/css/fonts.css]
[www.aurganon.com/css/font-awesome/fonts/fontawesome-webfont78ce.eot]
[www.aurganon.com/css/font-awesome/fonts/fontawesome-webfontd41d.eot]
[www.aurganon.com/css/font-awesome/fonts/fontawesome-webfont78ce.woff]
[www.aurganon.com/css/font-awesome/fonts/fontawesome-webfont78ce.ttf]
[www.aurganon.com/css/font-awesome/css/font-awesome.min.css]
[www.aurganon.com/css/micons/fonts/icomoon4286.eot]
[www.aurganon.com/css/micons/fonts/icomoon4286.ttf]
[www.aurganon.com/css/micons/fonts/icomoon4286.woff]
[www.aurganon.com/css/micons/micons.css]
[www.aurganon.com/images/logo.html]
[www.aurganon.com/images/home-bg.html]
[www.aurganon.com/css/slides/02.html]
[www.aurganon.com/images/wol.html]
[www.aurganon.com/images/team/11.jpg]
[www.aurganon.com/images/index.html]
[www.aurganon.com/images/team/12.png]
[www.aurganon.com/images/team/13.png]
[www.aurganon.com/images/team/15.png]
[www.aurganon.com/images/team/16.png]
[www.aurganon.com/images/team/17.jpg]
[www.aurganon.com/images/team/18.jpg]
[www.aurganon.com/images/team/2.jpg]
[www.aurganon.com/images/team/20.png]
[www.aurganon.com/images/team/21.png]
[www.aurganon.com/images/team/22.png]
[www.aurganon.com/images/team/23.png]
[www.aurganon.com/images/team/25_2.png]
[www.aurganon.com/images/team/26.png]
[www.aurganon.com/images/team/6.jpg]
[www.aurganon.com/images/team/7.jpg]
[www.aurganon.com/images/team/index.html]
[www.aurganon.com/js/borderMenu.html]
[www.aurganon.com/abouteventb5e3.html]
[www.aurganon.com/loginecaa.html]
[scontent.fmaa1-2.fna.fbcdn.net/v/t1.0-9/21728008_1920701418190262_8470264463791533894_n4441.jpg]
[www.aurganon.com/abouteventddc7.html]
[www.aurganon.com/loginf7fd.html]
[www.aurganon.com/fonts/roboto/roboto-black-webfont.html]
[www.aurganon.com/fonts/roboto/roboto-blackitalic-webfont.html]
[www.aurganon.com/fonts/roboto/roboto-bold-webfont.html]
[www.aurganon.com/fonts/roboto/roboto-bolditalic-webfont.html]
[www.aurganon.com/fonts/roboto/roboto-italic-webfont.html]
[www.aurganon.com/fonts/roboto/roboto-light-webfont.html]
[www.aurganon.com/fonts/roboto/roboto-lightitalic-webfont.html]
[www.aurganon.com/fonts/roboto/roboto-medium-webfont.html]
[www.aurganon.com/fonts/roboto/roboto-mediumitalic-webfont.html]
[www.aurganon.com/fonts/roboto/roboto-regular-webfont.html]
[www.aurganon.com/fonts/roboto/roboto-thin-webfont.html]
[www.aurganon.com/fonts/roboto/roboto-thinitalic-webfont.html]
[www.aurganon.com/css/font-awesome/fonts/fontawesome-webfont78ce.svg]
[www.aurganon.com/css/micons/fonts/icomoon4286.svg]
[www.aurganon.com/images/11flashvbat.jpg]
[www.aurganon.com/images/Untitled 216.png]
[www.aurganon.com/images/bg2.jpg]
[www.aurganon.com/images/bgMod.html]
[www.aurganon.com/images/browse.png]
[www.aurganon.com/images/deadp.jpg]
[www.aurganon.com/images/deciper.jpg]
[www.aurganon.com/images/flash.jpg]
[www.aurganon.com/images/demo/index.html]
[www.aurganon.com/images/flashvbat1.jpg]
[www.aurganon.com/images/events/index.html]
[www.aurganon.com/images/flashvbat2.jpg]
[www.aurganon.com/images/h1q.jpg]
[www.aurganon.com/images/inquisitive.jpg]
[www.aurganon.com/images/iot.png]
[www.aurganon.com/images/land.jpg]
[www.aurganon.com/images/logouniv.png]
[www.aurganon.com/images/mail.png]
[www.aurganon.com/images/online_event.jpg]
[www.aurganon.com/images/tallk.png]
[www.aurganon.com/images/slides/index.html]
[www.aurganon.com/images/workshop.jpg]
[www.aurganon.com/images/index.html]
[www.aurganon.com/images/sponser/index.html]
[www.aurganon.com/images/bgMod.html]
[www.aurganon.com/images/demo/demo-particles.jpg]
[www.aurganon.com/images/demo/demo-slideshow.jpg]
[www.aurganon.com/images/demo/demo-static.jpg]
[www.aurganon.com/images/demo/index.html]
[www.aurganon.com/images/events/18.png]
[www.aurganon.com/images/events/Anixiom.png]
[www.aurganon.com/images/events/Catch-em-all.png]
[www.aurganon.com/images/events/Crack-Jack.png]
[www.aurganon.com/images/events/Decipher.png]
[www.aurganon.com/images/events/Manuscript.png]
[www.aurganon.com/images/events/OnSpot Events.png]
[www.aurganon.com/images/events/Promotional-Evens.png]
[www.aurganon.com/images/events/Rush-Hour.png]
[www.aurganon.com/images/events/ShutterBug.png]
[www.aurganon.com/images/events/TechBuild.png]
[www.aurganon.com/images/events/Workshop.png]
[www.aurganon.com/images/events/aloha.jpg]
[www.aurganon.com/images/events/colin.jpg]
[www.aurganon.com/images/events/deciper.jpg]
[www.aurganon.com/images/events/hillarious-hiccups.png]
[www.aurganon.com/images/events/hogwart.jpg]
[www.aurganon.com/images/events/horax.jpg]
[www.aurganon.com/images/events/inquisitive.jpg]
[www.aurganon.com/images/events/inquisitive.png]
[www.aurganon.com/images/events/pars.jpg]
[www.aurganon.com/images/events/quill.jpg]
[www.aurganon.com/images/events/rang.png]
[www.aurganon.com/images/events/rang1.png]
[www.aurganon.com/images/events/workshop.jpg]
[www.aurganon.com/images/events/index.html]
[www.aurganon.com/images/slides/01.jpg]
[www.aurganon.com/images/slides/03.jpg]
[www.aurganon.com/images/slides/index.html]
[www.aurganon.com/images/sponser/1.png]
[www.aurganon.com/images/sponser/10.png]
[www.aurganon.com/images/sponser/11.png]
[www.aurganon.com/images/sponser/12.png]
[www.aurganon.com/images/sponser/2.jpg]
[www.aurganon.com/images/sponser/3.png]
[www.aurganon.com/images/sponser/4.jpg]
[www.aurganon.com/images/sponser/5.jpg]
[www.aurganon.com/images/sponser/6.png]
[www.aurganon.com/images/sponser/7.png]
[www.aurganon.com/images/sponser/8.png]
[www.aurganon.com/images/sponser/9.jpg]
[www.aurganon.com/images/sponser/index.html]
[www.aurganon.com/images/slides/.html]
